<?xml version="1.0" encoding="UTF-8"?>
<testsuite xmlns:xsi="http://www.w3.org/2001/XMLSchema-instance" xsi:noNamespaceSchemaLocation="https://maven.apache.org/surefire/maven-surefire-plugin/xsd/surefire-test-report.xsd" name="com.minikube.sample.MinikubeSampleApplicationTests" time="4.307" tests="1" errors="0" skipped="0" failures="0">
  <properties>
    <property name="awt.toolkit" value="sun.awt.X11.XToolkit"/>
    <property name="java.specification.version" value="11"/>
    <property name="sun.cpu.isalist" value=""/>
    <property name="sun.jnu.encoding" value="UTF-8"/>
    <property name="java.class.path" value="/home/azhar27/Devops/kubernetes-configmap-reload/target/test-classes:/home/azhar27/Devops/kubernetes-configmap-reload/target/classes:/home/azhar27/.m2/repository/org/springframework/boot/spring-boot-starter-web/2.2.1.RELEASE/spring-boot-starter-web-2.2.1.RELEASE.jar:/home/azhar27/.m2/repository/org/springframework/boot/spring-boot-starter/2.2.1.RELEASE/spring-boot-starter-2.2.1.RELEASE.jar:/home/azhar27/.m2/repository/org/springframework/boot/spring-boot/2.2.1.RELEASE/spring-boot-2.2.1.RELEASE.jar:/home/azhar27/.m2/repository/org/springframework/boot/spring-boot-autoconfigure/2.2.1.RELEASE/spring-boot-autoconfigure-2.2.1.RELEASE.jar:/home/azhar27/.m2/repository/org/springframework/boot/spring-boot-starter-logging/2.2.1.RELEASE/spring-boot-starter-logging-2.2.1.RELEASE.jar:/home/azhar27/.m2/repository/ch/qos/logback/logback-classic/1.2.3/logback-classic-1.2.3.jar:/home/azhar27/.m2/repository/ch/qos/logback/logback-core/1.2.3/logback-core-1.2.3.jar:/home/azhar27/.m2/repository/org/apache/logging/log4j/log4j-to-slf4j/2.12.1/log4j-to-slf4j-2.12.1.jar:/home/azhar27/.m2/repository/org/apache/logging/log4j/log4j-api/2.12.1/log4j-api-2.12.1.jar:/home/azhar27/.m2/repository/org/slf4j/jul-to-slf4j/1.7.29/jul-to-slf4j-1.7.29.jar:/home/azhar27/.m2/repository/jakarta/annotation/jakarta.annotation-api/1.3.5/jakarta.annotation-api-1.3.5.jar:/home/azhar27/.m2/repository/org/yaml/snakeyaml/1.25/snakeyaml-1.25.jar:/home/azhar27/.m2/repository/org/springframework/boot/spring-boot-starter-json/2.2.1.RELEASE/spring-boot-starter-json-2.2.1.RELEASE.jar:/home/azhar27/.m2/repository/com/fasterxml/jackson/core/jackson-databind/2.10.0/jackson-databind-2.10.0.jar:/home/azhar27/.m2/repository/com/fasterxml/jackson/core/jackson-annotations/2.10.0/jackson-annotations-2.10.0.jar:/home/azhar27/.m2/repository/com/fasterxml/jackson/core/jackson-core/2.10.0/jackson-core-2.10.0.jar:/home/azhar27/.m2/repository/com/fasterxml/jackson/datatype/jackson-datatype-jdk8/2.10.0/jackson-datatype-jdk8-2.10.0.jar:/home/azhar27/.m2/repository/com/fasterxml/jackson/datatype/jackson-datatype-jsr310/2.10.0/jackson-datatype-jsr310-2.10.0.jar:/home/azhar27/.m2/repository/com/fasterxml/jackson/module/jackson-module-parameter-names/2.10.0/jackson-module-parameter-names-2.10.0.jar:/home/azhar27/.m2/repository/org/springframework/boot/spring-boot-starter-tomcat/2.2.1.RELEASE/spring-boot-starter-tomcat-2.2.1.RELEASE.jar:/home/azhar27/.m2/repository/org/apache/tomcat/embed/tomcat-embed-core/9.0.27/tomcat-embed-core-9.0.27.jar:/home/azhar27/.m2/repository/org/apache/tomcat/embed/tomcat-embed-el/9.0.27/tomcat-embed-el-9.0.27.jar:/home/azhar27/.m2/repository/org/apache/tomcat/embed/tomcat-embed-websocket/9.0.27/tomcat-embed-websocket-9.0.27.jar:/home/azhar27/.m2/repository/org/springframework/boot/spring-boot-starter-validation/2.2.1.RELEASE/spring-boot-starter-validation-2.2.1.RELEASE.jar:/home/azhar27/.m2/repository/jakarta/validation/jakarta.validation-api/2.0.1/jakarta.validation-api-2.0.1.jar:/home/azhar27/.m2/repository/org/hibernate/validator/hibernate-validator/6.0.18.Final/hibernate-validator-6.0.18.Final.jar:/home/azhar27/.m2/repository/org/jboss/logging/jboss-logging/3.4.1.Final/jboss-logging-3.4.1.Final.jar:/home/azhar27/.m2/repository/com/fasterxml/classmate/1.5.1/classmate-1.5.1.jar:/home/azhar27/.m2/repository/org/springframework/spring-web/5.2.1.RELEASE/spring-web-5.2.1.RELEASE.jar:/home/azhar27/.m2/repository/org/springframework/spring-beans/5.2.1.RELEASE/spring-beans-5.2.1.RELEASE.jar:/home/azhar27/.m2/repository/org/springframework/spring-webmvc/5.2.1.RELEASE/spring-webmvc-5.2.1.RELEASE.jar:/home/azhar27/.m2/repository/org/springframework/spring-aop/5.2.1.RELEASE/spring-aop-5.2.1.RELEASE.jar:/home/azhar27/.m2/repository/org/springframework/spring-context/5.2.1.RELEASE/spring-context-5.2.1.RELEASE.jar:/home/azhar27/.m2/repository/org/springframework/spring-expression/5.2.1.RELEASE/spring-expression-5.2.1.RELEASE.jar:/home/azhar27/.m2/repository/org/springframework/boot/spring-boot-starter-actuator/2.2.1.RELEASE/spring-boot-starter-actuator-2.2.1.RELEASE.jar:/home/azhar27/.m2/repository/org/springframework/boot/spring-boot-actuator-autoconfigure/2.2.1.RELEASE/spring-boot-actuator-autoconfigure-2.2.1.RELEASE.jar:/home/azhar27/.m2/repository/org/springframework/boot/spring-boot-actuator/2.2.1.RELEASE/spring-boot-actuator-2.2.1.RELEASE.jar:/home/azhar27/.m2/repository/io/micrometer/micrometer-core/1.3.1/micrometer-core-1.3.1.jar:/home/azhar27/.m2/repository/org/hdrhistogram/HdrHistogram/2.1.11/HdrHistogram-2.1.11.jar:/home/azhar27/.m2/repository/org/latencyutils/LatencyUtils/2.0.3/LatencyUtils-2.0.3.jar:/home/azhar27/.m2/repository/org/springframework/cloud/spring-cloud-starter-kubernetes-config/1.1.0.RELEASE/spring-cloud-starter-kubernetes-config-1.1.0.RELEASE.jar:/home/azhar27/.m2/repository/org/springframework/cloud/spring-cloud-kubernetes-core/1.1.0.RELEASE/spring-cloud-kubernetes-core-1.1.0.RELEASE.jar:/home/azhar27/.m2/repository/io/fabric8/kubernetes-client/4.4.1/kubernetes-client-4.4.1.jar:/home/azhar27/.m2/repository/io/fabric8/kubernetes-model/4.4.1/kubernetes-model-4.4.1.jar:/home/azhar27/.m2/repository/io/fabric8/kubernetes-model-common/4.4.1/kubernetes-model-common-4.4.1.jar:/home/azhar27/.m2/repository/com/fasterxml/jackson/module/jackson-module-jaxb-annotations/2.10.0/jackson-module-jaxb-annotations-2.10.0.jar:/home/azhar27/.m2/repository/javax/validation/validation-api/2.0.1.Final/validation-api-2.0.1.Final.jar:/home/azhar27/.m2/repository/org/glassfish/javax.el/3.0.1-b11/javax.el-3.0.1-b11.jar:/home/azhar27/.m2/repository/javax/annotation/javax.annotation-api/1.3.2/javax.annotation-api-1.3.2.jar:/home/azhar27/.m2/repository/javax/xml/bind/jaxb-api/2.3.1/jaxb-api-2.3.1.jar:/home/azhar27/.m2/repository/javax/activation/javax.activation-api/1.2.0/javax.activation-api-1.2.0.jar:/home/azhar27/.m2/repository/com/squareup/okhttp3/okhttp/3.14.4/okhttp-3.14.4.jar:/home/azhar27/.m2/repository/com/squareup/okio/okio/1.17.2/okio-1.17.2.jar:/home/azhar27/.m2/repository/com/squareup/okhttp3/logging-interceptor/3.14.4/logging-interceptor-3.14.4.jar:/home/azhar27/.m2/repository/com/fasterxml/jackson/dataformat/jackson-dataformat-yaml/2.10.0/jackson-dataformat-yaml-2.10.0.jar:/home/azhar27/.m2/repository/io/fabric8/zjsonpatch/0.3.0/zjsonpatch-0.3.0.jar:/home/azhar27/.m2/repository/com/github/mifmif/generex/1.0.2/generex-1.0.2.jar:/home/azhar27/.m2/repository/dk/brics/automaton/automaton/1.11-8/automaton-1.11-8.jar:/home/azhar27/.m2/repository/org/springframework/cloud/spring-cloud-context/2.2.0.RELEASE/spring-cloud-context-2.2.0.RELEASE.jar:/home/azhar27/.m2/repository/org/springframework/security/spring-security-crypto/5.2.1.RELEASE/spring-security-crypto-5.2.1.RELEASE.jar:/home/azhar27/.m2/repository/org/springframework/cloud/spring-cloud-kubernetes-config/1.1.0.RELEASE/spring-cloud-kubernetes-config-1.1.0.RELEASE.jar:/home/azhar27/.m2/repository/org/springframework/security/spring-security-rsa/1.0.7.RELEASE/spring-security-rsa-1.0.7.RELEASE.jar:/home/azhar27/.m2/repository/org/bouncycastle/bcpkix-jdk15on/1.60/bcpkix-jdk15on-1.60.jar:/home/azhar27/.m2/repository/org/bouncycastle/bcprov-jdk15on/1.60/bcprov-jdk15on-1.60.jar:/home/azhar27/.m2/repository/org/projectlombok/lombok/1.18.26/lombok-1.18.26.jar:/home/azhar27/.m2/repository/org/springframework/boot/spring-boot-starter-test/2.2.1.RELEASE/spring-boot-starter-test-2.2.1.RELEASE.jar:/home/azhar27/.m2/repository/org/springframework/boot/spring-boot-test/2.2.1.RELEASE/spring-boot-test-2.2.1.RELEASE.jar:/home/azhar27/.m2/repository/org/springframework/boot/spring-boot-test-autoconfigure/2.2.1.RELEASE/spring-boot-test-autoconfigure-2.2.1.RELEASE.jar:/home/azhar27/.m2/repository/com/jayway/jsonpath/json-path/2.4.0/json-path-2.4.0.jar:/home/azhar27/.m2/repository/net/minidev/json-smart/2.3/json-smart-2.3.jar:/home/azhar27/.m2/repository/net/minidev/accessors-smart/1.2/accessors-smart-1.2.jar:/home/azhar27/.m2/repository/org/ow2/asm/asm/5.0.4/asm-5.0.4.jar:/home/azhar27/.m2/repository/org/slf4j/slf4j-api/1.7.29/slf4j-api-1.7.29.jar:/home/azhar27/.m2/repository/jakarta/xml/bind/jakarta.xml.bind-api/2.3.2/jakarta.xml.bind-api-2.3.2.jar:/home/azhar27/.m2/repository/jakarta/activation/jakarta.activation-api/1.2.1/jakarta.activation-api-1.2.1.jar:/home/azhar27/.m2/repository/org/junit/jupiter/junit-jupiter/5.5.2/junit-jupiter-5.5.2.jar:/home/azhar27/.m2/repository/org/junit/jupiter/junit-jupiter-api/5.5.2/junit-jupiter-api-5.5.2.jar:/home/azhar27/.m2/repository/org/opentest4j/opentest4j/1.2.0/opentest4j-1.2.0.jar:/home/azhar27/.m2/repository/org/junit/platform/junit-platform-commons/1.5.2/junit-platform-commons-1.5.2.jar:/home/azhar27/.m2/repository/org/junit/jupiter/junit-jupiter-params/5.5.2/junit-jupiter-params-5.5.2.jar:/home/azhar27/.m2/repository/org/junit/jupiter/junit-jupiter-engine/5.5.2/junit-jupiter-engine-5.5.2.jar:/home/azhar27/.m2/repository/org/junit/vintage/junit-vintage-engine/5.5.2/junit-vintage-engine-5.5.2.jar:/home/azhar27/.m2/repository/org/apiguardian/apiguardian-api/1.1.0/apiguardian-api-1.1.0.jar:/home/azhar27/.m2/repository/org/junit/platform/junit-platform-engine/1.5.2/junit-platform-engine-1.5.2.jar:/home/azhar27/.m2/repository/junit/junit/4.12/junit-4.12.jar:/home/azhar27/.m2/repository/org/mockito/mockito-junit-jupiter/3.1.0/mockito-junit-jupiter-3.1.0.jar:/home/azhar27/.m2/repository/org/assertj/assertj-core/3.13.2/assertj-core-3.13.2.jar:/home/azhar27/.m2/repository/org/hamcrest/hamcrest/2.1/hamcrest-2.1.jar:/home/azhar27/.m2/repository/org/mockito/mockito-core/3.1.0/mockito-core-3.1.0.jar:/home/azhar27/.m2/repository/net/bytebuddy/byte-buddy/1.10.2/byte-buddy-1.10.2.jar:/home/azhar27/.m2/repository/net/bytebuddy/byte-buddy-agent/1.10.2/byte-buddy-agent-1.10.2.jar:/home/azhar27/.m2/repository/org/objenesis/objenesis/2.6/objenesis-2.6.jar:/home/azhar27/.m2/repository/org/skyscreamer/jsonassert/1.5.0/jsonassert-1.5.0.jar:/home/azhar27/.m2/repository/com/vaadin/external/google/android-json/0.0.20131108.vaadin1/android-json-0.0.20131108.vaadin1.jar:/home/azhar27/.m2/repository/org/springframework/spring-core/5.2.1.RELEASE/spring-core-5.2.1.RELEASE.jar:/home/azhar27/.m2/repository/org/springframework/spring-jcl/5.2.1.RELEASE/spring-jcl-5.2.1.RELEASE.jar:/home/azhar27/.m2/repository/org/springframework/spring-test/5.2.1.RELEASE/spring-test-5.2.1.RELEASE.jar:/home/azhar27/.m2/repository/org/xmlunit/xmlunit-core/2.6.3/xmlunit-core-2.6.3.jar:/home/azhar27/.m2/repository/org/springframework/security/spring-security-test/5.2.1.RELEASE/spring-security-test-5.2.1.RELEASE.jar:/home/azhar27/.m2/repository/org/springframework/security/spring-security-core/5.2.1.RELEASE/spring-security-core-5.2.1.RELEASE.jar:/home/azhar27/.m2/repository/org/springframework/security/spring-security-web/5.2.1.RELEASE/spring-security-web-5.2.1.RELEASE.jar:"/>
    <property name="java.vm.vendor" value="Red Hat, Inc."/>
    <property name="sun.arch.data.model" value="64"/>
    <property name="java.vendor.url" value="https://www.redhat.com/"/>
    <property name="user.timezone" value=""/>
    <property name="maven.toolchains.file" value="/opt/apache-maven-3.9.1/conf/toolchains.xml"/>
    <property name="java.vm.specification.version" value="11"/>
    <property name="os.name" value="Linux"/>
    <property name="sun.java.launcher" value="SUN_STANDARD"/>
    <property name="user.country" value="US"/>
    <property name="sun.boot.library.path" value="/usr/lib/jvm/java-11-openjdk-11.0.18.0.10-1.el7_9.x86_64/lib"/>
    <property name="sun.java.command" value="/home/azhar27/Devops/kubernetes-configmap-reload/target/surefire/surefirebooter12964286712948314578.jar /home/azhar27/Devops/kubernetes-configmap-reload/target/surefire 2023-04-15T00-57-13_125-jvmRun1 surefire8781288595844736421tmp surefire_09616139115880449105tmp"/>
    <property name="jdk.debug" value="release"/>
    <property name="surefire.test.class.path" value="/home/azhar27/Devops/kubernetes-configmap-reload/target/test-classes:/home/azhar27/Devops/kubernetes-configmap-reload/target/classes:/home/azhar27/.m2/repository/org/springframework/boot/spring-boot-starter-web/2.2.1.RELEASE/spring-boot-starter-web-2.2.1.RELEASE.jar:/home/azhar27/.m2/repository/org/springframework/boot/spring-boot-starter/2.2.1.RELEASE/spring-boot-starter-2.2.1.RELEASE.jar:/home/azhar27/.m2/repository/org/springframework/boot/spring-boot/2.2.1.RELEASE/spring-boot-2.2.1.RELEASE.jar:/home/azhar27/.m2/repository/org/springframework/boot/spring-boot-autoconfigure/2.2.1.RELEASE/spring-boot-autoconfigure-2.2.1.RELEASE.jar:/home/azhar27/.m2/repository/org/springframework/boot/spring-boot-starter-logging/2.2.1.RELEASE/spring-boot-starter-logging-2.2.1.RELEASE.jar:/home/azhar27/.m2/repository/ch/qos/logback/logback-classic/1.2.3/logback-classic-1.2.3.jar:/home/azhar27/.m2/repository/ch/qos/logback/logback-core/1.2.3/logback-core-1.2.3.jar:/home/azhar27/.m2/repository/org/apache/logging/log4j/log4j-to-slf4j/2.12.1/log4j-to-slf4j-2.12.1.jar:/home/azhar27/.m2/repository/org/apache/logging/log4j/log4j-api/2.12.1/log4j-api-2.12.1.jar:/home/azhar27/.m2/repository/org/slf4j/jul-to-slf4j/1.7.29/jul-to-slf4j-1.7.29.jar:/home/azhar27/.m2/repository/jakarta/annotation/jakarta.annotation-api/1.3.5/jakarta.annotation-api-1.3.5.jar:/home/azhar27/.m2/repository/org/yaml/snakeyaml/1.25/snakeyaml-1.25.jar:/home/azhar27/.m2/repository/org/springframework/boot/spring-boot-starter-json/2.2.1.RELEASE/spring-boot-starter-json-2.2.1.RELEASE.jar:/home/azhar27/.m2/repository/com/fasterxml/jackson/core/jackson-databind/2.10.0/jackson-databind-2.10.0.jar:/home/azhar27/.m2/repository/com/fasterxml/jackson/core/jackson-annotations/2.10.0/jackson-annotations-2.10.0.jar:/home/azhar27/.m2/repository/com/fasterxml/jackson/core/jackson-core/2.10.0/jackson-core-2.10.0.jar:/home/azhar27/.m2/repository/com/fasterxml/jackson/datatype/jackson-datatype-jdk8/2.10.0/jackson-datatype-jdk8-2.10.0.jar:/home/azhar27/.m2/repository/com/fasterxml/jackson/datatype/jackson-datatype-jsr310/2.10.0/jackson-datatype-jsr310-2.10.0.jar:/home/azhar27/.m2/repository/com/fasterxml/jackson/module/jackson-module-parameter-names/2.10.0/jackson-module-parameter-names-2.10.0.jar:/home/azhar27/.m2/repository/org/springframework/boot/spring-boot-starter-tomcat/2.2.1.RELEASE/spring-boot-starter-tomcat-2.2.1.RELEASE.jar:/home/azhar27/.m2/repository/org/apache/tomcat/embed/tomcat-embed-core/9.0.27/tomcat-embed-core-9.0.27.jar:/home/azhar27/.m2/repository/org/apache/tomcat/embed/tomcat-embed-el/9.0.27/tomcat-embed-el-9.0.27.jar:/home/azhar27/.m2/repository/org/apache/tomcat/embed/tomcat-embed-websocket/9.0.27/tomcat-embed-websocket-9.0.27.jar:/home/azhar27/.m2/repository/org/springframework/boot/spring-boot-starter-validation/2.2.1.RELEASE/spring-boot-starter-validation-2.2.1.RELEASE.jar:/home/azhar27/.m2/repository/jakarta/validation/jakarta.validation-api/2.0.1/jakarta.validation-api-2.0.1.jar:/home/azhar27/.m2/repository/org/hibernate/validator/hibernate-validator/6.0.18.Final/hibernate-validator-6.0.18.Final.jar:/home/azhar27/.m2/repository/org/jboss/logging/jboss-logging/3.4.1.Final/jboss-logging-3.4.1.Final.jar:/home/azhar27/.m2/repository/com/fasterxml/classmate/1.5.1/classmate-1.5.1.jar:/home/azhar27/.m2/repository/org/springframework/spring-web/5.2.1.RELEASE/spring-web-5.2.1.RELEASE.jar:/home/azhar27/.m2/repository/org/springframework/spring-beans/5.2.1.RELEASE/spring-beans-5.2.1.RELEASE.jar:/home/azhar27/.m2/repository/org/springframework/spring-webmvc/5.2.1.RELEASE/spring-webmvc-5.2.1.RELEASE.jar:/home/azhar27/.m2/repository/org/springframework/spring-aop/5.2.1.RELEASE/spring-aop-5.2.1.RELEASE.jar:/home/azhar27/.m2/repository/org/springframework/spring-context/5.2.1.RELEASE/spring-context-5.2.1.RELEASE.jar:/home/azhar27/.m2/repository/org/springframework/spring-expression/5.2.1.RELEASE/spring-expression-5.2.1.RELEASE.jar:/home/azhar27/.m2/repository/org/springframework/boot/spring-boot-starter-actuator/2.2.1.RELEASE/spring-boot-starter-actuator-2.2.1.RELEASE.jar:/home/azhar27/.m2/repository/org/springframework/boot/spring-boot-actuator-autoconfigure/2.2.1.RELEASE/spring-boot-actuator-autoconfigure-2.2.1.RELEASE.jar:/home/azhar27/.m2/repository/org/springframework/boot/spring-boot-actuator/2.2.1.RELEASE/spring-boot-actuator-2.2.1.RELEASE.jar:/home/azhar27/.m2/repository/io/micrometer/micrometer-core/1.3.1/micrometer-core-1.3.1.jar:/home/azhar27/.m2/repository/org/hdrhistogram/HdrHistogram/2.1.11/HdrHistogram-2.1.11.jar:/home/azhar27/.m2/repository/org/latencyutils/LatencyUtils/2.0.3/LatencyUtils-2.0.3.jar:/home/azhar27/.m2/repository/org/springframework/cloud/spring-cloud-starter-kubernetes-config/1.1.0.RELEASE/spring-cloud-starter-kubernetes-config-1.1.0.RELEASE.jar:/home/azhar27/.m2/repository/org/springframework/cloud/spring-cloud-kubernetes-core/1.1.0.RELEASE/spring-cloud-kubernetes-core-1.1.0.RELEASE.jar:/home/azhar27/.m2/repository/io/fabric8/kubernetes-client/4.4.1/kubernetes-client-4.4.1.jar:/home/azhar27/.m2/repository/io/fabric8/kubernetes-model/4.4.1/kubernetes-model-4.4.1.jar:/home/azhar27/.m2/repository/io/fabric8/kubernetes-model-common/4.4.1/kubernetes-model-common-4.4.1.jar:/home/azhar27/.m2/repository/com/fasterxml/jackson/module/jackson-module-jaxb-annotations/2.10.0/jackson-module-jaxb-annotations-2.10.0.jar:/home/azhar27/.m2/repository/javax/validation/validation-api/2.0.1.Final/validation-api-2.0.1.Final.jar:/home/azhar27/.m2/repository/org/glassfish/javax.el/3.0.1-b11/javax.el-3.0.1-b11.jar:/home/azhar27/.m2/repository/javax/annotation/javax.annotation-api/1.3.2/javax.annotation-api-1.3.2.jar:/home/azhar27/.m2/repository/javax/xml/bind/jaxb-api/2.3.1/jaxb-api-2.3.1.jar:/home/azhar27/.m2/repository/javax/activation/javax.activation-api/1.2.0/javax.activation-api-1.2.0.jar:/home/azhar27/.m2/repository/com/squareup/okhttp3/okhttp/3.14.4/okhttp-3.14.4.jar:/home/azhar27/.m2/repository/com/squareup/okio/okio/1.17.2/okio-1.17.2.jar:/home/azhar27/.m2/repository/com/squareup/okhttp3/logging-interceptor/3.14.4/logging-interceptor-3.14.4.jar:/home/azhar27/.m2/repository/com/fasterxml/jackson/dataformat/jackson-dataformat-yaml/2.10.0/jackson-dataformat-yaml-2.10.0.jar:/home/azhar27/.m2/repository/io/fabric8/zjsonpatch/0.3.0/zjsonpatch-0.3.0.jar:/home/azhar27/.m2/repository/com/github/mifmif/generex/1.0.2/generex-1.0.2.jar:/home/azhar27/.m2/repository/dk/brics/automaton/automaton/1.11-8/automaton-1.11-8.jar:/home/azhar27/.m2/repository/org/springframework/cloud/spring-cloud-context/2.2.0.RELEASE/spring-cloud-context-2.2.0.RELEASE.jar:/home/azhar27/.m2/repository/org/springframework/security/spring-security-crypto/5.2.1.RELEASE/spring-security-crypto-5.2.1.RELEASE.jar:/home/azhar27/.m2/repository/org/springframework/cloud/spring-cloud-kubernetes-config/1.1.0.RELEASE/spring-cloud-kubernetes-config-1.1.0.RELEASE.jar:/home/azhar27/.m2/repository/org/springframework/security/spring-security-rsa/1.0.7.RELEASE/spring-security-rsa-1.0.7.RELEASE.jar:/home/azhar27/.m2/repository/org/bouncycastle/bcpkix-jdk15on/1.60/bcpkix-jdk15on-1.60.jar:/home/azhar27/.m2/repository/org/bouncycastle/bcprov-jdk15on/1.60/bcprov-jdk15on-1.60.jar:/home/azhar27/.m2/repository/org/projectlombok/lombok/1.18.26/lombok-1.18.26.jar:/home/azhar27/.m2/repository/org/springframework/boot/spring-boot-starter-test/2.2.1.RELEASE/spring-boot-starter-test-2.2.1.RELEASE.jar:/home/azhar27/.m2/repository/org/springframework/boot/spring-boot-test/2.2.1.RELEASE/spring-boot-test-2.2.1.RELEASE.jar:/home/azhar27/.m2/repository/org/springframework/boot/spring-boot-test-autoconfigure/2.2.1.RELEASE/spring-boot-test-autoconfigure-2.2.1.RELEASE.jar:/home/azhar27/.m2/repository/com/jayway/jsonpath/json-path/2.4.0/json-path-2.4.0.jar:/home/azhar27/.m2/repository/net/minidev/json-smart/2.3/json-smart-2.3.jar:/home/azhar27/.m2/repository/net/minidev/accessors-smart/1.2/accessors-smart-1.2.jar:/home/azhar27/.m2/repository/org/ow2/asm/asm/5.0.4/asm-5.0.4.jar:/home/azhar27/.m2/repository/org/slf4j/slf4j-api/1.7.29/slf4j-api-1.7.29.jar:/home/azhar27/.m2/repository/jakarta/xml/bind/jakarta.xml.bind-api/2.3.2/jakarta.xml.bind-api-2.3.2.jar:/home/azhar27/.m2/repository/jakarta/activation/jakarta.activation-api/1.2.1/jakarta.activation-api-1.2.1.jar:/home/azhar27/.m2/repository/org/junit/jupiter/junit-jupiter/5.5.2/junit-jupiter-5.5.2.jar:/home/azhar27/.m2/repository/org/junit/jupiter/junit-jupiter-api/5.5.2/junit-jupiter-api-5.5.2.jar:/home/azhar27/.m2/repository/org/opentest4j/opentest4j/1.2.0/opentest4j-1.2.0.jar:/home/azhar27/.m2/repository/org/junit/platform/junit-platform-commons/1.5.2/junit-platform-commons-1.5.2.jar:/home/azhar27/.m2/repository/org/junit/jupiter/junit-jupiter-params/5.5.2/junit-jupiter-params-5.5.2.jar:/home/azhar27/.m2/repository/org/junit/jupiter/junit-jupiter-engine/5.5.2/junit-jupiter-engine-5.5.2.jar:/home/azhar27/.m2/repository/org/junit/vintage/junit-vintage-engine/5.5.2/junit-vintage-engine-5.5.2.jar:/home/azhar27/.m2/repository/org/apiguardian/apiguardian-api/1.1.0/apiguardian-api-1.1.0.jar:/home/azhar27/.m2/repository/org/junit/platform/junit-platform-engine/1.5.2/junit-platform-engine-1.5.2.jar:/home/azhar27/.m2/repository/junit/junit/4.12/junit-4.12.jar:/home/azhar27/.m2/repository/org/mockito/mockito-junit-jupiter/3.1.0/mockito-junit-jupiter-3.1.0.jar:/home/azhar27/.m2/repository/org/assertj/assertj-core/3.13.2/assertj-core-3.13.2.jar:/home/azhar27/.m2/repository/org/hamcrest/hamcrest/2.1/hamcrest-2.1.jar:/home/azhar27/.m2/repository/org/mockito/mockito-core/3.1.0/mockito-core-3.1.0.jar:/home/azhar27/.m2/repository/net/bytebuddy/byte-buddy/1.10.2/byte-buddy-1.10.2.jar:/home/azhar27/.m2/repository/net/bytebuddy/byte-buddy-agent/1.10.2/byte-buddy-agent-1.10.2.jar:/home/azhar27/.m2/repository/org/objenesis/objenesis/2.6/objenesis-2.6.jar:/home/azhar27/.m2/repository/org/skyscreamer/jsonassert/1.5.0/jsonassert-1.5.0.jar:/home/azhar27/.m2/repository/com/vaadin/external/google/android-json/0.0.20131108.vaadin1/android-json-0.0.20131108.vaadin1.jar:/home/azhar27/.m2/repository/org/springframework/spring-core/5.2.1.RELEASE/spring-core-5.2.1.RELEASE.jar:/home/azhar27/.m2/repository/org/springframework/spring-jcl/5.2.1.RELEASE/spring-jcl-5.2.1.RELEASE.jar:/home/azhar27/.m2/repository/org/springframework/spring-test/5.2.1.RELEASE/spring-test-5.2.1.RELEASE.jar:/home/azhar27/.m2/repository/org/xmlunit/xmlunit-core/2.6.3/xmlunit-core-2.6.3.jar:/home/azhar27/.m2/repository/org/springframework/security/spring-security-test/5.2.1.RELEASE/spring-security-test-5.2.1.RELEASE.jar:/home/azhar27/.m2/repository/org/springframework/security/spring-security-core/5.2.1.RELEASE/spring-security-core-5.2.1.RELEASE.jar:/home/azhar27/.m2/repository/org/springframework/security/spring-security-web/5.2.1.RELEASE/spring-security-web-5.2.1.RELEASE.jar:"/>
    <property name="sun.cpu.endian" value="little"/>
    <property name="user.home" value="/home/azhar27"/>
    <property name="user.language" value="en"/>
    <property name="java.specification.vendor" value="Oracle Corporation"/>
    <property name="java.version.date" value="2023-01-17"/>
    <property name="java.home" value="/usr/lib/jvm/java-11-openjdk-11.0.18.0.10-1.el7_9.x86_64"/>
    <property name="file.separator" value="/"/>
    <property name="basedir" value="/home/azhar27/Devops/kubernetes-configmap-reload"/>
    <property name="java.vm.compressedOopsMode" value="Zero based"/>
    <property name="line.separator" value="&#10;"/>
    <property name="java.specification.name" value="Java Platform API Specification"/>
    <property name="java.vm.specification.vendor" value="Oracle Corporation"/>
    <property name="java.awt.graphicsenv" value="sun.awt.X11GraphicsEnvironment"/>
    <property name="surefire.real.class.path" value="/home/azhar27/Devops/kubernetes-configmap-reload/target/surefire/surefirebooter12964286712948314578.jar"/>
    <property name="sun.management.compiler" value="HotSpot 64-Bit Tiered Compilers"/>
    <property name="java.runtime.version" value="11.0.18+10-LTS"/>
    <property name="user.name" value="azhar27"/>
    <property name="path.separator" value=":"/>
    <property name="os.version" value="3.10.0-1160.88.1.el7.x86_64"/>
    <property name="java.runtime.name" value="OpenJDK Runtime Environment"/>
    <property name="file.encoding" value="UTF-8"/>
    <property name="java.vm.name" value="OpenJDK 64-Bit Server VM"/>
    <property name="java.vendor.version" value="(Red_Hat-11.0.18.0.10-1.el7_9)"/>
    <property name="localRepository" value="/home/azhar27/.m2/repository"/>
    <property name="java.vendor.url.bug" value="https://bugzilla.redhat.com/enter_bug.cgi?product=Red%20Hat%20Enterprise%20Linux%207&amp;component=java-11-openjdk"/>
    <property name="java.io.tmpdir" value="/tmp"/>
    <property name="java.version" value="11.0.18"/>
    <property name="user.dir" value="/home/azhar27/Devops/kubernetes-configmap-reload"/>
    <property name="os.arch" value="amd64"/>
    <property name="java.vm.specification.name" value="Java Virtual Machine Specification"/>
    <property name="java.awt.printerjob" value="sun.print.PSPrinterJob"/>
    <property name="sun.os.patch.level" value="unknown"/>
    <property name="java.library.path" value="/usr/java/packages/lib:/usr/lib64:/lib64:/lib:/usr/lib"/>
    <property name="java.vm.info" value="mixed mode, sharing"/>
    <property name="java.vendor" value="Red Hat, Inc."/>
    <property name="java.vm.version" value="11.0.18+10-LTS"/>
    <property name="sun.io.unicode.encoding" value="UnicodeLittle"/>
    <property name="jdk-version" value="1.8"/>
    <property name="java.class.version" value="55.0"/>
  </properties>
  <testcase name="contextLoads" classname="com.minikube.sample.MinikubeSampleApplicationTests" time="0.388"/>
</testsuite>